nohup: ignoring input
[Fri Nov 28 00:07:21 KST 2025] Starting experiment batch.
------------------------------------------------------------
[Fri Nov 28 00:07:21 KST 2025] Experiment #1
Command overrides: sae.loss_option=1 sae.loss_module=option1_loss experiment.use_multi_contrast=true sae.use_l0=false
[Fri Nov 28 00:20:36 KST 2025] Experiment #1 COMPLETED successfully.
------------------------------------------------------------
[Fri Nov 28 00:20:36 KST 2025] Experiment #2
Command overrides: sae.loss_option=1 sae.loss_module=option1_loss experiment.use_multi_contrast=true sae.use_l0=true sae.l0_coeff=0.001
[Fri Nov 28 00:31:31 KST 2025] Experiment #2 COMPLETED successfully.
------------------------------------------------------------
[Fri Nov 28 00:31:31 KST 2025] Experiment #3
Command overrides: sae.loss_option=2 sae.loss_module=option2_loss experiment.use_multi_contrast=true    sae.alpha_concept.code=0.01 sae.alpha_concept.harm=0.01 sae.alpha_concept.struct=0.01    sae.guidance_method=contrastive sae.use_l0=false
[Fri Nov 28 00:44:34 KST 2025] Experiment #3 COMPLETED successfully.
------------------------------------------------------------
[Fri Nov 28 00:44:34 KST 2025] Experiment #4
Command overrides: sae.loss_option=2 sae.loss_module=option2_loss experiment.use_multi_contrast=true    sae.alpha_concept.code=0.01 sae.alpha_concept.harm=0.01 sae.alpha_concept.struct=0.01    sae.guidance_method=contrastive sae.use_l0=true sae.l0_coeff=0.001
[Fri Nov 28 00:55:07 KST 2025] Experiment #4 COMPLETED successfully.
------------------------------------------------------------
[Fri Nov 28 00:55:07 KST 2025] Experiment #5
Command overrides: sae.loss_option=2 sae.loss_module=option2_loss experiment.use_multi_contrast=true    sae.alpha_concept.code=0.01 sae.alpha_concept.harm=0.01 sae.alpha_concept.struct=0.01    sae.guidance_method=margin sae.guidance_margin=1.0 sae.guidance_coeff=1.0    sae.use_l0=false
[Fri Nov 28 01:04:44 KST 2025] Experiment #5 COMPLETED successfully.
------------------------------------------------------------
[Fri Nov 28 01:04:44 KST 2025] Experiment #6
Command overrides: sae.loss_option=2 sae.loss_module=option2_loss experiment.use_multi_contrast=true    sae.alpha_concept.code=0.01 sae.alpha_concept.harm=0.01 sae.alpha_concept.struct=0.01    sae.guidance_method=mse sae.guidance_mse_pos_value=1.0 sae.guidance_mse_neg_value=0.0    sae.guidance_coeff=1.0 sae.use_l0=false
[Fri Nov 28 01:29:44 KST 2025] Experiment #6 COMPLETED successfully.
------------------------------------------------------------
[Fri Nov 28 01:29:44 KST 2025] Experiment #7
Command overrides: sae.loss_option=2 sae.loss_module=option2_loss experiment.use_multi_contrast=true    sae.alpha_concept.code=0.05 sae.alpha_concept.harm=0.05 sae.alpha_concept.struct=0.05    sae.guidance_method=contrastive sae.use_l0=false
[Fri Nov 28 01:40:26 KST 2025] Experiment #7 COMPLETED successfully.
------------------------------------------------------------
[Fri Nov 28 01:40:26 KST 2025] Experiment #8
Command overrides: sae.loss_option=3 sae.loss_module=option3_loss experiment.use_multi_contrast=true    sae.guidance_method=contrastive sae.use_l0=false
[Fri Nov 28 01:49:36 KST 2025] Experiment #8 COMPLETED successfully.
------------------------------------------------------------
[Fri Nov 28 01:49:36 KST 2025] Experiment #9
Command overrides: sae.loss_option=3 sae.loss_module=option3_loss experiment.use_multi_contrast=true    sae.guidance_method=contrastive sae.use_l0=true sae.l0_coeff=0.001
